SF:lib\iot_service.dart
DA:7,1
DA:8,1
DA:17,1
DA:18,2
DA:21,1
DA:23,0
DA:27,1
DA:29,1
DA:30,3
DA:31,1
DA:33,1
DA:35,3
DA:36,1
DA:40,1
DA:42,2
DA:43,4
DA:44,1
DA:47,2
DA:48,3
DA:50,1
DA:51,1
DA:54,1
DA:57,3
DA:58,3
DA:60,3
DA:62,2
DA:64,1
DA:65,1
DA:74,0
DA:75,0
DA:79,1
DA:80,1
LF:32
LH:29
end_of_record
SF:lib\utils\company_login_utils.dart
DA:1,1
DA:6,2
DA:7,2
DA:8,2
DA:15,1
DA:17,1
DA:19,1
DA:20,1
DA:22,1
DA:25,2
DA:31,1
DA:33,1
DA:35,1
DA:37,1
LF:14
LH:14
end_of_record
SF:lib\utils\marketplace_rating_utils.dart
DA:2,1
DA:13,1
DA:17,1
DA:19,3
DA:24,3
DA:26,4
DA:27,1
DA:28,1
DA:30,3
DA:31,2
DA:32,1
DA:36,1
DA:38,1
LF:13
LH:13
end_of_record
